{
  "RSpec": {
    "coverage": {
      "/home/rafal/Pulpit/MeditationApp/bin/spring": [
        null,
        null,
        null,
        null,
        null,
        1,
        0,
        0,
        null,
        0,
        0,
        0,
        0,
        0,
        0,
        null,
        null
      ],
      "/home/rafal/Pulpit/MeditationApp/bin/rails": [
        null,
        1,
        1,
        1,
        1,
        null,
        null,
        1,
        null,
        0,
        null,
        1,
        1,
        1
      ],
      "/home/rafal/Pulpit/MeditationApp/Rakefile": [
        null,
        null,
        null,
        1,
        null,
        1
      ],
      "/home/rafal/Pulpit/MeditationApp/app/models/user.rb": [
        1,
        null,
        null,
        1,
        null,
        1,
        1,
        null,
        null,
        1,
        null,
        1,
        0,
        null,
        null,
        1,
        null,
        1,
        0,
        null,
        0,
        null,
        null,
        null,
        null
      ],
      "/home/rafal/Pulpit/MeditationApp/app/models/application_record.rb": [
        1,
        1,
        null
      ],
      "/home/rafal/Pulpit/MeditationApp/app/helpers/application_helper.rb": [
        0,
        0
      ],
      "/home/rafal/Pulpit/MeditationApp/app/controllers/meditations_controller.rb": [
        0,
        0,
        0,
        0,
        0,
        0,
        null,
        0,
        0,
        0,
        0,
        null,
        0,
        0,
        0,
        0,
        0,
        0,
        0,
        0,
        0,
        null,
        0,
        null,
        0,
        0,
        0,
        null,
        0,
        0,
        null,
        0,
        0,
        0,
        0,
        0,
        0,
        null,
        0,
        0,
        0,
        0,
        null,
        0,
        null,
        0,
        0,
        0,
        null,
        0,
        0,
        0,
        0
      ],
      "/home/rafal/Pulpit/MeditationApp/app/controllers/collections_controller.rb": [
        0,
        0,
        0,
        0,
        0,
        null,
        0,
        0,
        0,
        null,
        0,
        0,
        0,
        0,
        0,
        null,
        0,
        0,
        0,
        0,
        null,
        0,
        null,
        0,
        0,
        0,
        null,
        0,
        0,
        0,
        null,
        0
      ],
      "/home/rafal/Pulpit/MeditationApp/app/controllers/application_controller.rb": [
        0,
        0,
        null,
        0,
        null,
        0,
        0,
        null,
        0,
        0,
        0
      ],
      "/home/rafal/Pulpit/MeditationApp/app/controllers/users_controller.rb": [
        0,
        0,
        0,
        0,
        0,
        0,
        0,
        0,
        null,
        0,
        0,
        0,
        0,
        0,
        null,
        0,
        null,
        0,
        0,
        0,
        0
      ],
      "/home/rafal/Pulpit/MeditationApp/app/channels/application_cable/channel.rb": [
        0,
        0,
        0,
        0
      ],
      "/home/rafal/Pulpit/MeditationApp/app/channels/application_cable/connection.rb": [
        0,
        0,
        0,
        0
      ],
      "/home/rafal/Pulpit/MeditationApp/app/jobs/application_job.rb": [
        0,
        null,
        null,
        null,
        null,
        null,
        0
      ],
      "/home/rafal/Pulpit/MeditationApp/app/models/collection.rb": [
        0,
        0,
        0,
        0
      ],
      "/home/rafal/Pulpit/MeditationApp/app/models/meditation.rb": [
        0,
        0,
        0,
        0
      ],
      "/home/rafal/Pulpit/MeditationApp/app/mailers/application_mailer.rb": [
        0,
        0,
        0,
        0
      ]
    },
    "timestamp": 1571643970
  }
}
